<?xml version="1.0" encoding="UTF-8"?>
<testsuite xmlns:xsi="http://www.w3.org/2001/XMLSchema-instance" xsi:noNamespaceSchemaLocation="https://maven.apache.org/surefire/maven-surefire-plugin/xsd/surefire-test-report-3.0.xsd" version="3.0" name="Quick search by idfv or name" time="0.063" tests="19" errors="0" skipped="19" failures="0">
  <properties>
[...]
</properties>
  <testcase name="operationadmin is checking filter by branch" classname="check filtering devices by tenant\company\branch\status" time="0">
    <skipped message="The step &quot;User default_user_1 logged in properly to default page&quot; is undefined"/>
  </testcase>
  <testcase name="operationadmin is checking filter by branch" classname="check filtering devices by tenant\company\branch\status" time="0">
    <skipped message="The step &quot;on_devices_page&quot; is undefined"/>
  </testcase>
  <testcase name="operationadmin is checking filter by branch" classname="check filtering devices by tenant\company\branch\status" time="0">
    <skipped message="The step &quot;search_by_IDFV&quot; is undefined"/>
  </testcase>
  <testcase name="operationadmin is checking filter by branch" classname="check filtering devices by tenant\company\branch\status" time="0">
    <skipped message="The step &quot;edit_device_details&quot; is undefined"/>
  </testcase>
  <testcase name="operationadmin is checking filter by branch" classname="check filtering devices by tenant\company\branch\status" time="0">
    <skipped message="The step &quot;leave_comment&quot; is undefined"/>
  </testcase>
  <testcase name="operationadmin is checking filter by branch" classname="check filtering devices by tenant\company\branch\status" time="0">
    <skipped message="The step &quot;User default_user_1 logged in properly to default page&quot; is undefined"/>
  </testcase>
  <testcase name="operationadmin is checking filter by branch" classname="check filtering devices by tenant\company\branch\status" time="0">
    <skipped message="The step &quot;on_devices_page&quot; is undefined"/>
  </testcase>
  <testcase name="operationadmin is checking filter by branch" classname="check filtering devices by tenant\company\branch\status" time="0">
    <skipped message="The step &quot;check_branch_filter&quot; is undefined"/>
  </testcase>
  <testcase name="operationadmin is checking filter by branch" classname="check filtering devices by tenant\company\branch\status" time="0">
    <skipped message="The step &quot;check_status_filter&quot; is undefined"/>
  </testcase>
  <testcase name="operationadmin is checking filters" classname="check filtering devices by tenant\company\branch\status" time="0">
    <skipped message="The step &quot;User default_user_1 logged in properly to default page&quot; is undefined"/>
  </testcase>
  <testcase name="operationadmin is checking filters" classname="check filtering devices by tenant\company\branch\status" time="0">
    <skipped message="The step &quot;on_devices_page&quot; is undefined"/>
  </testcase>
  <testcase name="operationadmin is checking filters" classname="check filtering devices by tenant\company\branch\status" time="0">
    <skipped message="The step &quot;check_tenant_filter&quot; is undefined"/>
  </testcase>
  <testcase name="operationadmin is checking filters" classname="check filtering devices by tenant\company\branch\status" time="0">
    <skipped message="The step &quot;check_company_filter&quot; is undefined"/>
  </testcase>
  <testcase name="login with correct details" classname="login fucking somewhere" time="0">
    <skipped message="The step &quot;User default_user_1 logged in properly to default page&quot; is undefined"/>
  </testcase>
  <testcase name="login with correct details" classname="login fucking somewhere" time="0">
    <skipped message="The step &quot;User is on device management&quot; is undefined"/>
  </testcase>
  <testcase name="searching certain device by idfv or name" classname="Quick search by idfv or name" time="0">
    <skipped message="The step &quot;User default_user_1 logged in properly to default page&quot; is undefined"/>
  </testcase>
  <testcase name="searching certain device by idfv or name" classname="Quick search by idfv or name" time="0">
    <skipped message="The step &quot;on_devices_page&quot; is undefined"/>
  </testcase>
  <testcase name="searching certain device by idfv or name" classname="Quick search by idfv or name" time="0">
    <skipped message="The step &quot;search_by_IDFV&quot; is undefined"/>
  </testcase>
  <testcase name="searching certain device by idfv or name" classname="Quick search by idfv or name" time="0">
    <skipped message="The step &quot;filtered_device_displayed&quot; is undefined"/>
  </testcase>
</testsuite>